FullSampleName			goodBarcodedReads	goodReadsMatchedToDataBase
BC1_1	2273584		1899911
BC1_10	2318749		2177377
BC1_100	2082402		1764238
BC1_101	1913391		1613804
BC1_102	1807534		1551253
BC1_103	1606623		1368853
BC1_104	1207452		1051370
BC1_105	1805402		1599943
BC1_106	1512649		1285344
BC1_107	681674		588188
BC1_108	1925739		1611352
BC1_109	1947386		1753127
BC1_11	2098741		1729334
BC1_110	1881783		1665908
BC1_111	1799029		1506214
BC1_112	1721995		1483146
BC1_113	1951339		1728743
BC1_114	1865262		1662763
BC1_115	2036442		1705815
BC1_116	1784484		1582302
BC1_117	2406528		2081342
BC1_118	1522369		1259832
BC1_119	2138537		1701244
BC1_12	2425150		2239415
BC1_120	1948136		1654827
BC1_121	1854526		1636206
BC1_122	1643480		1570629
BC1_123	1592160		1307508
BC1_124	1531253		1309837
BC1_125	2147547		1832176
BC1_126	2121686		1888261
BC1_127	2050148		1827347
BC1_129	1858818		1624173
BC1_13	2525975		2352149
BC1_130	2372025		2046291
BC1_131	2037104		1743163
BC1_132	1641244		1434978
BC1_133	1568662		1324275
BC1_134	2111423		1774938
BC1_135	1443190		1265588
BC1_136	2537151		2219574
BC1_137	2471872		2142939
BC1_138	1999953		1730873
BC1_139	2084092		1924087
BC1_14	2363400		2153332
BC1_140	1654380		1392776
BC1_142	1413131		1247661
BC1_143	1922684		1784993
BC1_144	2381689		2187379
BC1_145	883164		807279
BC1_146	1924382		1711726
BC1_147	2088258		1884996
BC1_148	2269650		2076637
BC1_149	2182931		1953822
BC1_15	1839537		1694404
BC1_150	1934055		1645893
BC1_151	2205120		1999116
BC1_152	2205191		1991814
BC1_153	2090095		1859659
BC1_154	1705272		1512034
BC1_156	2216113		2008870
BC1_157	2247531		1975642
BC1_158	2063424		1839800
BC1_159	2168690		1828781
BC1_16	2014112		1811455
BC1_160	1693931		1580500
BC1_161	1709982		1517010
BC1_162	1674997		1469868
BC1_163	1646708		1483102
BC1_164	2087169		1888639
BC1_165	2401294		2077086
BC1_166	2108768		1879492
BC1_167	2265584		2043874
BC1_168	2598073		2224471
BC1_169	2644129		2249612
BC1_17	2489877		2326235
BC1_170	1645783		1488971
BC1_171	1830405		1564537
BC1_172	2375755		2026651
BC1_174	1968143		1757779
BC1_175	2092739		1766619
BC1_176	2213574		1810845
BC1_177	2328687		2010273
BC1_179	2722116		2303043
BC1_18	1801089		1692528
BC1_180	2290621		1885602
BC1_181	1883513		1553164
BC1_182	2419440		2021327
BC1_183	2370963		1930379
BC1_184	2914505		2529996
BC1_185	2279559		1756888
BC1_186	2180563		1948045
BC1_187	1528707		1322717
BC1_188	1809580		1500157
BC1_189	1777492		1528315
BC1_19	2831574		2669834
BC1_190	2156451		1853556
BC1_191	1743019		1412923
BC1_192	2357228		2009316
BC1_193	2162081		1909963
BC1_194	2526283		2096618
BC1_195	2410225		2000996
BC1_196	1950895		1717924
BC1_198	2204587		1719601
BC1_199	2192784		1679028
BC1_2	2401818		2221394
BC1_20	3231206		3009729
BC1_200	1451943		1202076
BC1_201	2577839		2045067
BC1_202	2167284		1785748
BC1_203	2087322		1801916
BC1_204	1925527		1706099
BC1_205	1697196		1431983
BC1_207	1401918		1259676
BC1_209	2203429		1884509
BC1_21	2459636		2247076
BC1_210	1805537		1494385
BC1_211	910500		803853
BC1_212	2763900		2408269
BC1_213	2397079		2146824
BC1_214	1928892		1728839
BC1_215	2145516		1673807
BC1_216	1998687		1680956
BC1_217	2346784		2087739
BC1_218	2231436		1854578
BC1_22	2280363		2157553
BC1_220	2662722		1996727
BC1_222	1949675		1513943
BC1_223	2845338		2389981
BC1_224	2494300		2121188
BC1_225	2686645		2310174
BC1_227	2530706		2110754
BC1_228	1991585		1775512
BC1_23	2021133		1888502
BC1_230	1444362		1207783
BC1_231	1671055		1367404
BC1_232	1769065		1527057
BC1_233	2081787		1831380
BC1_234	2559026		2124023
BC1_235	2160183		1892321
BC1_237	2179336		1877534
BC1_238	2453505		2149443
BC1_239	2437736		2104044
BC1_24	1411311		1326915
BC1_240	1689304		1449795
BC1_25	1785830		1691076
BC1_250	1913035		1550675
BC1_251	2680908		2326299
BC1_252	1692147		1450038
BC1_253	3011747		2579478
BC1_254	2984171		2522346
BC1_255	2413640		2031399
BC1_256	2469896		2109796
BC1_257	1977010		1669332
BC1_259	1550164		1341096
BC1_26	2033435		1896649
BC1_260	2503485		2240081
BC1_261	1974266		1746744
BC1_262	952467		830431
BC1_263	2392562		2049582
BC1_264	1763448		1677761
BC1_265	1464729		1344027
BC1_266	1915071		1648298
BC1_267	1646457		1355051
BC1_268	1829178		1643011
BC1_269	2000371		1719881
BC1_27	1285251		1196201
BC1_270	1953617		1654116
BC1_271	1399426		1187106
BC1_272	2139091		1799578
BC1_273	1924169		1692388
BC1_274	2185584		1830542
BC1_275	1926695		1680225
BC1_276	1572166		1458079
BC1_277	1173199		1048274
BC1_278	1488645		1267445
BC1_279	1491030		1242796
BC1_28	2169879		1964654
BC1_280	2040229		1700449
BC1_281	2403163		2032861
BC1_282	2224799		1871825
BC1_283	1956945		1696425
BC1_284	2521755		2131412
BC1_285	2415037		2098878
BC1_286	1431726		1257699
BC1_288	1676491		1436317
BC1_289	2437012		2210463
BC1_29	2627264		2450716
BC1_290	1376066		1299628
BC1_291	2212262		2088792
BC1_292	2164465		2025806
BC1_293	1961309		1873426
BC1_294	2283533		2155906
BC1_295	2027198		1858426
BC1_296	1587352		1504468
BC1_297	2205480		2094074
BC1_3	2236913		2096182
BC1_31	1904476		1755040
BC1_32	2321563		2155449
BC1_34	2296162		2090557
BC1_35	2338258		2213242
BC1_36	2178384		1949597
BC1_37	2051804		1872085
BC1_38	1658225		1547922
BC1_39	2326665		2188141
BC1_4	1893037		1748822
BC1_40	2450185		1943259
BC1_41	1950059		1812828
BC1_42	2239411		2084042
BC1_43	2133027		1984753
BC1_44	1690753		1568756
BC1_45	1678390		1599608
BC1_46	2147170		1969536
BC1_47	2011137		1844301
BC1_48	2574039		2351633
BC1_49	2933478		2691071
BC1_5	1875035		1737108
BC1_50	2380918		2213676
BC1_51	2081249		1939066
BC1_52	2619667		2430961
BC1_53	1988308		1668647
BC1_54	2316968		2148726
BC1_55	1773300		1658800
BC1_56	1812280		1611980
BC1_57	2627466		2498526
BC1_58	1914730		1703255
BC1_59	2358918		2025619
BC1_6	2250375		1866840
BC1_60	2507771		2237502
BC1_61	2238313		1933807
BC1_62	2155211		1912046
BC1_63	2135797		1944890
BC1_64	1542075		1370075
BC1_65	1877532		1737358
BC1_66	1530051		1399759
BC1_67	1044485		951077
BC1_68	2129759		1951428
BC1_69	2150348		2028931
BC1_7	2180322		1955814
BC1_70	1638699		1468327
BC1_71	1999595		1831131
BC1_72	2562572		2282136
BC1_73	1600722		1510939
BC1_74	2083673		1928550
BC1_75	2617849		2439855
BC1_76	1635671		1526883
BC1_77	2349415		2220576
BC1_78	2475931		2333904
BC1_79	2346170		2224723
BC1_8	2251334		1984481
BC1_80	2555471		2405465
BC1_81	1902069		1780956
BC1_82	1348696		1242211
BC1_83	1283719		1215478
BC1_84	1620333		1522444
BC1_85	1844892		1750697
BC1_86	2434892		2317999
BC1_88	1469190		1239137
BC1_89	2155403		1869225
BC1_9	2477723		2288163
BC1_90	1591986		1507077
BC1_91	1816764		1727046
BC1_92	1961597		1854140
BC1_93	2141852		1781510
BC1_94	1402642		1195083
BC1_96	1612331		1385672
BC1_97	1927127		1687794
BC1_98	1256080		1071748
BC1_99	2216554		1946207
F1_10	2140251		1732650
F1_11	2075467		1695309
F1_12	1729319		1521588
F1_13	1565474		1287306
F1_14	1478407		1185804
F1_15	1438676		1112745
F1_3	1292891		1053300
F1_4	2033476		1784377
F1_5	2196898		1764568
F1_6	2159430		1686758
F1_7	1932081		1511130
F1_8	2439692		1860221
F1_9	2441590		1902353
Jsi6	1929063		1707500
Jum2	2434904		1726075
